<?xml version="1.0" encoding="UTF-8"?>
<!-- Generated by org.testng.reporters.JUnitReportReporter -->
<testsuite hostname="DESKTOP-LD7EMF5" failures="0" tests="1" name="org.example.demo.Demo" time="0.000" errors="0" timestamp="06 sie 2020 16:47:30 GMT" skipped="0">
  <testcase classname="org.example.demo.Demo" name="demo" time="0.000"/>
</testsuite> <!-- org.example.demo.Demo -->
