<?xml version="1.0" encoding="UTF-8"?>
<!-- Generated by org.testng.reporters.JUnitReportReporter -->
<testsuite hostname="DESKTOP-LD7EMF5" failures="0" tests="4" name="org.example.demo.Login" time="0.003" errors="0" timestamp="06 sie 2020 16:47:30 GMT" skipped="0">
  <testcase classname="org.example.demo.Login" name="inputPassword" time="0.002"/>
  <testcase classname="org.example.demo.Login" name="inputLogin" time="0.001"/>
  <testcase classname="org.example.demo.Login" name="inputLogin" time="0.000"/>
  <testcase classname="org.example.demo.Login" name="inputLogin" time="0.000"/>
</testsuite> <!-- org.example.demo.Login -->
